TN:
SF:C:\Users\hoja\Documents\code\react\scheduler\src\components\Application.js
FN:17,Application
FN:28,(anonymous_1)
FNF:2
FNH:2
FNDA:2,Application
FNDA:2,(anonymous_1)
DA:23,2
DA:25,2
DA:27,2
DA:29,2
DA:43,2
LF:5
LH:5
BRF:0
BRH:0
end_of_record
TN:
SF:C:\Users\hoja\Documents\code\react\scheduler\src\components\Button.js
FN:7,Button
FNF:1
FNH:1
FNDA:25,Button
DA:8,25
DA:13,25
LF:2
LH:2
BRF:0
BRH:0
end_of_record
TN:
SF:C:\Users\hoja\Documents\code\react\scheduler\src\components\DayList.js
FN:5,DayList
FN:6,(anonymous_1)
FNF:2
FNH:2
FNDA:2,DayList
FNDA:2,(anonymous_1)
DA:6,2
DA:7,2
DA:18,2
LF:3
LH:3
BRF:0
BRH:0
end_of_record
TN:
SF:C:\Users\hoja\Documents\code\react\scheduler\src\components\DayListItem.js
FN:6,formatSpots
FN:13,DayListItem
FN:22,(anonymous_2)
FNF:3
FNH:2
FNDA:2,formatSpots
FNDA:2,DayListItem
FNDA:0,(anonymous_2)
DA:7,2
DA:8,2
DA:10,0
DA:14,2
DA:19,2
DA:22,0
LF:6
LH:4
BRDA:7,0,0,0
BRDA:7,0,1,2
BRDA:8,1,0,2
BRDA:8,1,1,0
BRF:4
BRH:2
end_of_record
TN:
SF:C:\Users\hoja\Documents\code\react\scheduler\src\components\InterviewerList.js
FN:8,InterviewerList
FN:9,(anonymous_1)
FN:17,(anonymous_2)
FNF:3
FNH:2
FNDA:12,InterviewerList
FNDA:12,(anonymous_1)
FNDA:0,(anonymous_2)
DA:9,12
DA:10,12
DA:17,0
DA:22,12
DA:30,3
DA:36,3
LF:6
LH:5
BRF:0
BRH:0
end_of_record
TN:
SF:C:\Users\hoja\Documents\code\react\scheduler\src\components\InterviewerListItem.js
FN:6,InterviewerItem
FNF:1
FNH:1
FNDA:12,InterviewerItem
DA:7,12
DA:11,12
LF:2
LH:2
BRDA:18,0,0,12
BRDA:18,0,1,4
BRF:2
BRH:2
end_of_record
TN:
SF:C:\Users\hoja\Documents\code\react\scheduler\src\components\Appointment\Confirm.js
FN:5,Confirm
FNF:1
FNH:0
FNDA:0,Confirm
DA:6,0
LF:1
LH:0
BRF:0
BRH:0
end_of_record
TN:
SF:C:\Users\hoja\Documents\code\react\scheduler\src\components\Appointment\Empty.js
FN:3,Empty
FNF:1
FNH:1
FNDA:4,Empty
DA:4,4
LF:1
LH:1
BRF:0
BRH:0
end_of_record
TN:
SF:C:\Users\hoja\Documents\code\react\scheduler\src\components\Appointment\Error.js
FN:3,Error
FNF:1
FNH:0
FNDA:0,Error
DA:4,0
LF:1
LH:0
BRF:0
BRH:0
end_of_record
TN:
SF:C:\Users\hoja\Documents\code\react\scheduler\src\components\Appointment\Form.js
FN:7,Form
FN:12,reset
FN:18,cancel
FN:23,validate
FN:39,(anonymous_4)
FN:46,(anonymous_5)
FNF:6
FNH:5
FNDA:12,Form
FNDA:1,reset
FNDA:1,cancel
FNDA:4,validate
FNDA:0,(anonymous_4)
FNDA:2,(anonymous_5)
DA:8,12
DA:9,12
DA:10,12
DA:13,1
DA:14,1
DA:15,1
DA:19,1
DA:20,1
DA:24,4
DA:25,2
DA:26,2
DA:28,2
DA:29,1
DA:30,1
DA:32,1
DA:33,1
DA:36,12
DA:39,0
DA:47,2
LF:19
LH:18
BRDA:8,0,0,12
BRDA:8,0,1,7
BRDA:9,1,0,12
BRDA:9,1,1,8
BRDA:24,2,0,2
BRDA:24,2,1,2
BRDA:28,3,0,1
BRDA:28,3,1,1
BRF:8
BRH:8
end_of_record
TN:
SF:C:\Users\hoja\Documents\code\react\scheduler\src\components\Appointment\Header.js
FN:3,Header
FNF:1
FNH:1
FNDA:5,Header
DA:4,5
LF:1
LH:1
BRF:0
BRH:0
end_of_record
TN:
SF:C:\Users\hoja\Documents\code\react\scheduler\src\components\Appointment\Show.js
FN:3,Show
FNF:1
FNH:1
FNDA:1,Show
DA:4,1
LF:1
LH:1
BRDA:11,0,0,1
BRDA:11,0,1,1
BRF:2
BRH:2
end_of_record
TN:
SF:C:\Users\hoja\Documents\code\react\scheduler\src\components\Appointment\Status.js
FN:3,Status
FNF:1
FNH:0
FNDA:0,Status
DA:4,0
LF:1
LH:0
BRF:0
BRH:0
end_of_record
TN:
SF:C:\Users\hoja\Documents\code\react\scheduler\src\components\Appointment\index.js
FN:27,Appointment
FN:33,save
FN:43,(anonymous_2)
FN:44,(anonymous_3)
FN:47,destroy
FN:51,(anonymous_5)
FN:52,(anonymous_6)
FN:58,(anonymous_7)
FN:63,(anonymous_8)
FN:64,(anonymous_9)
FNF:10
FNH:1
FNDA:5,Appointment
FNDA:0,save
FNDA:0,(anonymous_2)
FNDA:0,(anonymous_3)
FNDA:0,destroy
FNDA:0,(anonymous_5)
FNDA:0,(anonymous_6)
FNDA:0,(anonymous_7)
FNDA:0,(anonymous_8)
FNDA:0,(anonymous_9)
DA:16,2
DA:17,2
DA:18,2
DA:19,2
DA:20,2
DA:21,2
DA:22,2
DA:23,2
DA:24,2
DA:29,5
DA:34,0
DA:39,0
DA:41,0
DA:43,0
DA:44,0
DA:48,0
DA:49,0
DA:51,0
DA:52,0
DA:55,5
DA:58,0
DA:63,0
DA:64,0
LF:23
LH:11
BRDA:30,0,0,1
BRDA:30,0,1,4
BRDA:58,1,0,5
BRDA:58,1,1,4
BRDA:59,2,0,5
BRDA:59,2,1,1
BRDA:67,3,0,5
BRDA:67,3,1,0
BRDA:70,4,0,5
BRDA:70,4,1,0
BRDA:79,5,0,5
BRDA:79,5,1,0
BRDA:80,6,0,5
BRDA:80,6,1,0
BRDA:81,7,0,5
BRDA:81,7,1,0
BRDA:88,8,0,5
BRDA:88,8,1,0
BRDA:91,9,0,5
BRDA:91,9,1,0
BRF:20
BRH:13
end_of_record
TN:
SF:C:\Users\hoja\Documents\code\react\scheduler\src\helpers\selectors.js
FN:1,getAppointmentsForDay
FN:2,(anonymous_1)
FN:6,(anonymous_2)
FN:9,getInterviewersForDay
FN:10,(anonymous_4)
FN:14,(anonymous_5)
FN:17,getInterview
FNF:7
FNH:7
FNDA:7,getAppointmentsForDay
FNDA:7,(anonymous_1)
FNDA:10,(anonymous_2)
FNDA:7,getInterviewersForDay
FNDA:7,(anonymous_4)
FNDA:8,(anonymous_5)
FNDA:4,getInterview
DA:2,7
DA:4,7
DA:6,10
DA:10,7
DA:12,7
DA:14,8
DA:18,4
LF:7
LH:7
BRDA:4,0,0,3
BRDA:4,0,1,4
BRDA:4,1,0,7
BRDA:4,1,1,5
BRDA:12,2,0,3
BRDA:12,2,1,4
BRDA:12,3,0,7
BRDA:12,3,1,5
BRDA:19,4,0,4
BRDA:19,4,1,2
BRF:10
BRH:10
end_of_record
TN:
SF:C:\Users\hoja\Documents\code\react\scheduler\src\hooks\useApplicationData.js
FN:12,useApplicationData
FN:20,(anonymous_1)
FN:22,(anonymous_2)
FN:28,(anonymous_3)
FN:40,bookInterview
FN:41,(anonymous_5)
FN:50,cancelInterview
FN:51,(anonymous_7)
FNF:8
FNH:3
FNDA:2,useApplicationData
FNDA:0,(anonymous_1)
FNDA:1,(anonymous_2)
FNDA:1,(anonymous_3)
FNDA:0,bookInterview
FNDA:0,(anonymous_5)
FNDA:0,cancelInterview
FNDA:0,(anonymous_7)
DA:13,2
DA:20,2
DA:22,2
DA:23,1
DA:29,1
DA:38,2
DA:41,0
DA:42,0
DA:51,0
DA:52,0
DA:60,2
LF:11
LH:7
BRF:0
BRH:0
end_of_record
TN:
SF:C:\Users\hoja\Documents\code\react\scheduler\src\hooks\useRealtimeUpdate.js
FN:4,useRealtimeUpdate
FN:5,(anonymous_1)
FN:8,(anonymous_2)
FN:16,(anonymous_3)
FNF:4
FNH:3
FNDA:2,useRealtimeUpdate
FNDA:1,(anonymous_1)
FNDA:0,(anonymous_2)
FNDA:1,(anonymous_3)
DA:5,2
DA:6,1
DA:8,1
DA:9,0
DA:11,0
DA:12,0
DA:16,1
DA:17,1
LF:8
LH:5
BRDA:11,0,0,0
BRDA:11,0,1,0
BRDA:11,1,0,0
BRDA:11,1,1,0
BRF:4
BRH:0
end_of_record
TN:
SF:C:\Users\hoja\Documents\code\react\scheduler\src\hooks\useVisualMode.js
FN:2,useVisualMode
FN:5,transition
FN:7,(anonymous_2)
FN:8,(anonymous_3)
FN:10,(anonymous_4)
FN:15,back
FNF:6
FNH:4
FNDA:11,useVisualMode
FNDA:2,transition
FNDA:0,(anonymous_2)
FNDA:0,(anonymous_3)
FNDA:2,(anonymous_4)
FNDA:3,back
DA:3,11
DA:4,11
DA:6,2
DA:7,0
DA:8,0
DA:10,2
DA:12,2
DA:16,3
DA:17,2
DA:18,2
DA:22,11
LF:11
LH:9
BRDA:5,0,0,2
BRDA:6,1,0,0
BRDA:6,1,1,2
BRDA:16,2,0,2
BRDA:16,2,1,1
BRF:5
BRH:4
end_of_record
TN:
SF:C:\Users\hoja\Documents\code\react\scheduler\src\reducers\application.js
FN:5,reducer
FN:27,(anonymous_1)
FN:30,(anonymous_2)
FN:34,(anonymous_3)
FNF:4
FNH:1
FNDA:2,reducer
FNDA:0,(anonymous_1)
FNDA:0,(anonymous_2)
FNDA:0,(anonymous_3)
DA:1,2
DA:2,2
DA:3,2
DA:6,2
DA:8,0
DA:10,1
DA:17,0
DA:22,0
DA:27,0
DA:28,0
DA:30,0
DA:34,0
DA:35,0
DA:43,0
DA:50,1
LF:15
LH:6
BRDA:6,0,0,0
BRDA:6,0,1,1
BRDA:6,0,2,0
BRDA:6,0,3,1
BRDA:19,1,0,0
BRDA:19,1,1,0
BRDA:30,2,0,0
BRDA:30,2,1,0
BRDA:35,3,0,0
BRDA:35,3,1,0
BRF:10
BRH:2
end_of_record
